[2020-01-26 23:17:32] E-CATERING.ERROR: Symfony\Component\Console\Exception\CommandNotFoundException: Command "server" is not defined.

Did you mean this?
    serve in C:\xampp\htdocs\e-catering\vendor\symfony\console\Application.php:534
Stack trace:
#0 C:\xampp\htdocs\e-catering\vendor\symfony\console\Application.php(182): Symfony\Component\Console\Application->find('server')
#1 C:\xampp\htdocs\e-catering\vendor\symfony\console\Application.php(116): Symfony\Component\Console\Application->doRun(Object(Symfony\Component\Console\Input\ArgvInput), Object(Symfony\Component\Console\Output\ConsoleOutput))
#2 C:\xampp\htdocs\e-catering\vendor\laravel\framework\src\Illuminate\Foundation\Console\Kernel.php(121): Symfony\Component\Console\Application->run(Object(Symfony\Component\Console\Input\ArgvInput), Object(Symfony\Component\Console\Output\ConsoleOutput))
#3 C:\xampp\htdocs\e-catering\artisan(35): Illuminate\Foundation\Console\Kernel->handle(Object(Symfony\Component\Console\Input\ArgvInput), Object(Symfony\Component\Console\Output\ConsoleOutput))
#4 {main}  
[2021-04-10 00:22:49] E-CATERING.ERROR: Symfony\Component\Debug\Exception\FatalErrorException: Uncaught Error: Call to undefined method Illuminate\Auth\Access\Gate::abilities() in C:\laragon\www\e-catering\vendor\laravel\framework\src\Illuminate\Support\Facades\Facade.php:237
Stack trace:
#0 Command line code(1): Illuminate\Support\Facades\Facade::__callStatic('abilities', Array)
#1 {main}
  thrown in C:\laragon\www\e-catering\vendor\laravel\framework\src\Illuminate\Support\Facades\Facade.php:237
Stack trace:
#0 {main}  
[2021-04-10 00:22:49] E-CATERING.ERROR: Symfony\Component\Debug\Exception\FatalErrorException: Uncaught Error: Call to undefined method App\Http\Kernel::getMiddlewareGroups() in Command line code:1
Stack trace:
#0 {main}
  thrown in Command line code:1
Stack trace:
#0 {main}  
[2021-04-10 00:22:49] E-CATERING.ERROR: Symfony\Component\Debug\Exception\FatalErrorException: Uncaught Error: Call to undefined method Illuminate\Translation\FileLoader::namespaces() in Command line code:1
Stack trace:
#0 {main}
  thrown in Command line code:1
Stack trace:
#0 {main}  
[2021-04-10 00:23:47] E-CATERING.ERROR: Symfony\Component\Debug\Exception\FatalErrorException: Uncaught Error: Call to undefined method Illuminate\Auth\Access\Gate::abilities() in C:\laragon\www\e-catering\vendor\laravel\framework\src\Illuminate\Support\Facades\Facade.php:237
Stack trace:
#0 Command line code(1): Illuminate\Support\Facades\Facade::__callStatic('abilities', Array)
#1 {main}
  thrown in C:\laragon\www\e-catering\vendor\laravel\framework\src\Illuminate\Support\Facades\Facade.php:237
Stack trace:
#0 {main}  
[2021-04-10 00:24:48] E-CATERING.ERROR: Symfony\Component\Debug\Exception\FatalErrorException: Uncaught Error: Call to undefined method Illuminate\Auth\Access\Gate::abilities() in C:\laragon\www\e-catering\vendor\laravel\framework\src\Illuminate\Support\Facades\Facade.php:237
Stack trace:
#0 Command line code(1): Illuminate\Support\Facades\Facade::__callStatic('abilities', Array)
#1 {main}
  thrown in C:\laragon\www\e-catering\vendor\laravel\framework\src\Illuminate\Support\Facades\Facade.php:237
Stack trace:
#0 {main}  
